Arguments: 
  C:\Program Files\nodejs\node.exe C:\Users\spx\AppData\Roaming\npm\node_modules\yarn\bin\yarn.js add csv-fast

PATH: 
  D:\cmder\bin;D:\cmder\vendor\bin;C:\Windows\system32;C:\Windows;C:\Windows\System32\Wbem;C:\Windows\System32\WindowsPowerShell\v1.0\;C:\Windows\System32\OpenSSH\;C:\Program Files\Git\cmd;C:\Program Files\Git\mingw64\bin;C:\Program Files\Git\usr\bin;C:\Program Files\nodejs\;C:\Users\spx\.windows-build-tools\python27\;C:\Users\spx\AppData\Roaming\npm\node_modules\cnpm\node_modules\npminstall\node-gyp-bin;C:\Users\spx\AppData\Roaming\npm\node_modules\windows-build-tools\node_modules\.bin;C:\Users\spx\AppData\Roaming\npm\node_modules\windows-build-tools\node_modules\.bin;D:\cmder\bin;D:\cmder\vendor\bin;D:\cmder\vendor\conemu-maximus5\ConEmu\Scripts;D:\cmder\vendor\conemu-maximus5;D:\cmder\vendor\conemu-maximus5\ConEmu;C:\Windows\system32;C:\Windows;C:\Windows\System32\Wbem;C:\Windows\System32\WindowsPowerShell\v1.0\;C:\Windows\System32\OpenSSH\;C:\Program Files\Git\cmd;C:\Program Files\Git\mingw64\bin;C:\Program Files\Git\usr\bin;C:\Program Files\nodejs\;C:\Users\spx\AppData\Local\Programs\Python\Python37-32\Scripts\;C:\Users\spx\AppData\Local\Programs\Python\Python37-32\;C:\Users\spx\AppData\Local\Microsoft\WindowsApps;d:\JetBrains\PyCharm Community Edition 2018.3.5\bin;C:\Users\spx\AppData\Local\BypassRuntm;C:\Users\spx\AppData\Local\Programs\Microsoft VS Code\bin;C:\Program Files\Git\cmd;C:\Program Files\Git\mingw64\bin;C:\Program Files\Git\usr\bin;D:\cmder;C:\Program Files\JetBrains\WebStorm 2018.3.5\bin;C:\Users\spx\AppData\Roaming\npm;C:\Program Files\Git\cmd;C:\Program Files\Git\mingw64\bin;C:\Program Files\Git\usr\bin;D:\cmder

Yarn version: 
  1.16.0

Node version: 
  8.9.4

Platform: 
  win32 x64

Trace: 
  Error: https://registry.npm.taobao.org/csv-fast: Not found
      at Request.params.callback [as _callback] (C:\Users\spx\AppData\Roaming\npm\node_modules\yarn\lib\cli.js:66091:18)
      at Request.self.callback (C:\Users\spx\AppData\Roaming\npm\node_modules\yarn\lib\cli.js:129590:22)
      at emitTwo (events.js:126:13)
      at Request.emit (events.js:214:7)
      at Request.<anonymous> (C:\Users\spx\AppData\Roaming\npm\node_modules\yarn\lib\cli.js:130562:10)
      at emitOne (events.js:116:13)
      at Request.emit (events.js:211:7)
      at IncomingMessage.<anonymous> (C:\Users\spx\AppData\Roaming\npm\node_modules\yarn\lib\cli.js:130484:12)
      at Object.onceWrapper (events.js:313:30)
      at emitNone (events.js:111:20)

npm manifest: 
  {
    "name": "jaracsv",
    "version": "1.0.0",
    "main": "index.js",
    "license": "MIT",
    "scripts": {
      "test": "echo \"Error: no test specified\" && exit 1"
    },
    "author": "",
    "description": "",
    "dependencies": {
      "cheerio": "^1.0.0-rc.3",
      "csv": "^5.1.1",
      "fecha": "^3.0.3",
      "superagent": "^5.0.6",
      "xml2js": "^0.4.19"
    }
  }

yarn manifest: 
  No manifest

Lockfile: 
  # THIS IS AN AUTOGENERATED FILE. DO NOT EDIT THIS FILE DIRECTLY.
  # yarn lockfile v1
  
  
  "@types/node@*":
    version "12.0.7"
    resolved "https://registry.npm.taobao.org/@types/node/download/@types/node-12.0.7.tgz#4f2563bad652b2acb1722d7e7aae2b0ff62d192c"
    integrity sha1-TyVjutZSsqyxci1+eq4rD/YtGSw=
  
  asynckit@^0.4.0:
    version "0.4.0"
    resolved "https://registry.npm.taobao.org/asynckit/download/asynckit-0.4.0.tgz#c79ed97f7f34cb8f2ba1bc9790bcc366474b4b79"
    integrity sha1-x57Zf380y48robyXkLzDZkdLS3k=
  
  boolbase@~1.0.0:
    version "1.0.0"
    resolved "https://registry.npm.taobao.org/boolbase/download/boolbase-1.0.0.tgz#68dff5fbe60c51eb37725ea9e3ed310dcc1e776e"
    integrity sha1-aN/1++YMUes3cl6p4+0xDcwed24=
  
  cheerio@^1.0.0-rc.3:
    version "1.0.0-rc.3"
    resolved "https://registry.npm.taobao.org/cheerio/download/cheerio-1.0.0-rc.3.tgz?cache=0&other_urls=https%3A%2F%2Fregistry.npm.taobao.org%2Fcheerio%2Fdownload%2Fcheerio-1.0.0-rc.3.tgz#094636d425b2e9c0f4eb91a46c05630c9a1a8bf6"
    integrity sha1-CUY21CWy6cD065GkbAVjDJoai/Y=
    dependencies:
      css-select "~1.2.0"
      dom-serializer "~0.1.1"
      entities "~1.1.1"
      htmlparser2 "^3.9.1"
      lodash "^4.15.0"
      parse5 "^3.0.1"
  
  combined-stream@^1.0.6:
    version "1.0.8"
    resolved "https://registry.npm.taobao.org/combined-stream/download/combined-stream-1.0.8.tgz#c3d45a8b34fd730631a110a8a2520682b31d5a7f"
    integrity sha1-w9RaizT9cwYxoRCoolIGgrMdWn8=
    dependencies:
      delayed-stream "~1.0.0"
  
  component-emitter@^1.3.0:
    version "1.3.0"
    resolved "https://registry.npm.taobao.org/component-emitter/download/component-emitter-1.3.0.tgz#16e4070fba8ae29b679f2215853ee181ab2eabc0"
    integrity sha1-FuQHD7qK4ptnnyIVhT7hgasuq8A=
  
  cookiejar@^2.1.2:
    version "2.1.2"
    resolved "https://registry.npm.taobao.org/cookiejar/download/cookiejar-2.1.2.tgz#dd8a235530752f988f9a0844f3fc589e3111125c"
    integrity sha1-3YojVTB1L5iPmghE8/xYnjERElw=
  
  css-select@~1.2.0:
    version "1.2.0"
    resolved "https://registry.npm.taobao.org/css-select/download/css-select-1.2.0.tgz#2b3a110539c5355f1cd8d314623e870b121ec858"
    integrity sha1-KzoRBTnFNV8c2NMUYj6HCxIeyFg=
    dependencies:
      boolbase "~1.0.0"
      css-what "2.1"
      domutils "1.5.1"
      nth-check "~1.0.1"
  
  css-what@2.1:
    version "2.1.3"
    resolved "https://registry.npm.taobao.org/css-what/download/css-what-2.1.3.tgz#a6d7604573365fe74686c3f311c56513d88285f2"
    integrity sha1-ptdgRXM2X+dGhsPzEcVlE9iChfI=
  
  csv-generate@^3.2.0:
    version "3.2.3"
    resolved "https://registry.npm.taobao.org/csv-generate/download/csv-generate-3.2.3.tgz#24004f21de61c2ea1c4474d3e65a18261f638a80"
    integrity sha1-JABPId5hwuocRHTT5loYJh9jioA=
  
  csv-parse@^4.3.0:
    version "4.4.3"
    resolved "https://registry.npm.taobao.org/csv-parse/download/csv-parse-4.4.3.tgz#a3fc56b6f54de88db76fbd34a55c091861522712"
    integrity sha1-o/xWtvVN6I23b700pVwJGGFSJxI=
  
  csv-stringify@^5.1.2:
    version "5.3.0"
    resolved "https://registry.npm.taobao.org/csv-stringify/download/csv-stringify-5.3.0.tgz#ff2dfafa6fcccd455ff5039be9c202475aa3bbe0"
    integrity sha1-/y36+m/MzUVf9QOb6cICR1qju+A=
    dependencies:
      lodash.get "~4.4.2"
  
  csv@^5.1.1:
    version "5.1.1"
    resolved "https://registry.npm.taobao.org/csv/download/csv-5.1.1.tgz#bd715f15a4ed9141309a24ec6dab1c903ab79f92"
    integrity sha1-vXFfFaTtkUEwmiTsbasckDq3n5I=
    dependencies:
      csv-generate "^3.2.0"
      csv-parse "^4.3.0"
      csv-stringify "^5.1.2"
      stream-transform "^1.0.8"
  
  debug@^4.1.1:
    version "4.1.1"
    resolved "https://registry.npm.taobao.org/debug/download/debug-4.1.1.tgz?cache=0&other_urls=https%3A%2F%2Fregistry.npm.taobao.org%2Fdebug%2Fdownload%2Fdebug-4.1.1.tgz#3b72260255109c6b589cee050f1d516139664791"
    integrity sha1-O3ImAlUQnGtYnO4FDx1RYTlmR5E=
    dependencies:
      ms "^2.1.1"
  
  delayed-stream@~1.0.0:
    version "1.0.0"
    resolved "https://registry.npm.taobao.org/delayed-stream/download/delayed-stream-1.0.0.tgz#df3ae199acadfb7d440aaae0b29e2272b24ec619"
    integrity sha1-3zrhmayt+31ECqrgsp4icrJOxhk=
  
  dom-serializer@0, dom-serializer@~0.1.1:
    version "0.1.1"
    resolved "https://registry.npm.taobao.org/dom-serializer/download/dom-serializer-0.1.1.tgz#1ec4059e284babed36eec2941d4a970a189ce7c0"
    integrity sha1-HsQFnihLq+027sKUHUqXChic58A=
    dependencies:
      domelementtype "^1.3.0"
      entities "^1.1.1"
  
  domelementtype@1, domelementtype@^1.3.0, domelementtype@^1.3.1:
    version "1.3.1"
    resolved "https://registry.npm.taobao.org/domelementtype/download/domelementtype-1.3.1.tgz#d048c44b37b0d10a7f2a3d5fee3f4333d790481f"
    integrity sha1-0EjESzew0Qp/Kj1f7j9DM9eQSB8=
  
  domhandler@^2.3.0:
    version "2.4.2"
    resolved "https://registry.npm.taobao.org/domhandler/download/domhandler-2.4.2.tgz#8805097e933d65e85546f726d60f5eb88b44f803"
    integrity sha1-iAUJfpM9ZehVRvcm1g9euItE+AM=
    dependencies:
      domelementtype "1"
  
  domutils@1.5.1:
    version "1.5.1"
    resolved "https://registry.npm.taobao.org/domutils/download/domutils-1.5.1.tgz#dcd8488a26f563d61079e48c9f7b7e32373682cf"
    integrity sha1-3NhIiib1Y9YQeeSMn3t+Mjc2gs8=
    dependencies:
      dom-serializer "0"
      domelementtype "1"
  
  domutils@^1.5.1:
    version "1.7.0"
    resolved "https://registry.npm.taobao.org/domutils/download/domutils-1.7.0.tgz#56ea341e834e06e6748af7a1cb25da67ea9f8c2a"
    integrity sha1-Vuo0HoNOBuZ0ivehyyXaZ+qfjCo=
    dependencies:
      dom-serializer "0"
      domelementtype "1"
  
  entities@^1.1.1, entities@~1.1.1:
    version "1.1.2"
    resolved "https://registry.npm.taobao.org/entities/download/entities-1.1.2.tgz#bdfa735299664dfafd34529ed4f8522a275fea56"
    integrity sha1-vfpzUplmTfr9NFKe1PhSKidf6lY=
  
  fecha@^3.0.3:
    version "3.0.3"
    resolved "https://registry.npm.taobao.org/fecha/download/fecha-3.0.3.tgz#fabbd416497649a42c24d34bfa726b579203a1e2"
    integrity sha1-+rvUFkl2SaQsJNNL+nJrV5IDoeI=
  
  form-data@^2.3.3:
    version "2.3.3"
    resolved "https://registry.npm.taobao.org/form-data/download/form-data-2.3.3.tgz#dcce52c05f644f298c6a7ab936bd724ceffbf3a6"
    integrity sha1-3M5SwF9kTymManq5Nr1yTO/786Y=
    dependencies:
      asynckit "^0.4.0"
      combined-stream "^1.0.6"
      mime-types "^2.1.12"
  
  formidable@^1.2.1:
    version "1.2.1"
    resolved "https://registry.npm.taobao.org/formidable/download/formidable-1.2.1.tgz#70fb7ca0290ee6ff961090415f4b3df3d2082659"
    integrity sha1-cPt8oCkO5v+WEJBBX0s989IIJlk=
  
  htmlparser2@^3.9.1:
    version "3.10.1"
    resolved "https://registry.npm.taobao.org/htmlparser2/download/htmlparser2-3.10.1.tgz#bd679dc3f59897b6a34bb10749c855bb53a9392f"
    integrity sha1-vWedw/WYl7ajS7EHSchVu1OpOS8=
    dependencies:
      domelementtype "^1.3.1"
      domhandler "^2.3.0"
      domutils "^1.5.1"
      entities "^1.1.1"
      inherits "^2.0.1"
      readable-stream "^3.1.1"
  
  inherits@^2.0.1, inherits@^2.0.3:
    version "2.0.3"
    resolved "https://registry.npm.taobao.org/inherits/download/inherits-2.0.3.tgz#633c2c83e3da42a502f52466022480f4208261de"
    integrity sha1-Yzwsg+PaQqUC9SRmAiSA9CCCYd4=
  
  lodash.get@~4.4.2:
    version "4.4.2"
    resolved "https://registry.npm.taobao.org/lodash.get/download/lodash.get-4.4.2.tgz#2d177f652fa31e939b4438d5341499dfa3825e99"
    integrity sha1-LRd/ZS+jHpObRDjVNBSZ36OCXpk=
  
  lodash@^4.15.0:
    version "4.17.11"
    resolved "https://registry.npm.taobao.org/lodash/download/lodash-4.17.11.tgz#b39ea6229ef607ecd89e2c8df12536891cac9b8d"
    integrity sha1-s56mIp72B+zYniyN8SU2iRysm40=
  
  methods@^1.1.2:
    version "1.1.2"
    resolved "https://registry.npm.taobao.org/methods/download/methods-1.1.2.tgz#5529a4d67654134edcc5266656835b0f851afcee"
    integrity sha1-VSmk1nZUE07cxSZmVoNbD4Ua/O4=
  
  mime-db@1.40.0:
    version "1.40.0"
    resolved "https://registry.npm.taobao.org/mime-db/download/mime-db-1.40.0.tgz#a65057e998db090f732a68f6c276d387d4126c32"
    integrity sha1-plBX6ZjbCQ9zKmj2wnbTh9QSbDI=
  
  mime-types@^2.1.12:
    version "2.1.24"
    resolved "https://registry.npm.taobao.org/mime-types/download/mime-types-2.1.24.tgz?cache=0&other_urls=https%3A%2F%2Fregistry.npm.taobao.org%2Fmime-types%2Fdownload%2Fmime-types-2.1.24.tgz#b6f8d0b3e951efb77dedeca194cff6d16f676f81"
    integrity sha1-tvjQs+lR77d97eyhlM/20W9nb4E=
    dependencies:
      mime-db "1.40.0"
  
  mime@^2.4.3:
    version "2.4.3"
    resolved "https://registry.npm.taobao.org/mime/download/mime-2.4.3.tgz#229687331e86f68924e6cb59e1cdd937f18275fe"
    integrity sha1-IpaHMx6G9okk5stZ4c3ZN/GCdf4=
  
  ms@^2.1.1:
    version "2.1.2"
    resolved "https://registry.npm.taobao.org/ms/download/ms-2.1.2.tgz?cache=0&other_urls=https%3A%2F%2Fregistry.npm.taobao.org%2Fms%2Fdownload%2Fms-2.1.2.tgz#d09d1f357b443f493382a8eb3ccd183872ae6009"
    integrity sha1-0J0fNXtEP0kzgqjrPM0YOHKuYAk=
  
  nth-check@~1.0.1:
    version "1.0.2"
    resolved "https://registry.npm.taobao.org/nth-check/download/nth-check-1.0.2.tgz#b2bd295c37e3dd58a3bf0700376663ba4d9cf05c"
    integrity sha1-sr0pXDfj3VijvwcAN2Zjuk2c8Fw=
    dependencies:
      boolbase "~1.0.0"
  
  parse5@^3.0.1:
    version "3.0.3"
    resolved "https://registry.npm.taobao.org/parse5/download/parse5-3.0.3.tgz?cache=0&other_urls=https%3A%2F%2Fregistry.npm.taobao.org%2Fparse5%2Fdownload%2Fparse5-3.0.3.tgz#042f792ffdd36851551cf4e9e066b3874ab45b5c"
    integrity sha1-BC95L/3TaFFVHPTp4Gazh0q0W1w=
    dependencies:
      "@types/node" "*"
  
  qs@^6.7.0:
    version "6.7.0"
    resolved "https://registry.npm.taobao.org/qs/download/qs-6.7.0.tgz?cache=0&other_urls=https%3A%2F%2Fregistry.npm.taobao.org%2Fqs%2Fdownload%2Fqs-6.7.0.tgz#41dc1a015e3d581f1621776be31afb2876a9b1bc"
    integrity sha1-QdwaAV49WB8WIXdr4xr7KHapsbw=
  
  readable-stream@^3.1.1, readable-stream@^3.4.0:
    version "3.4.0"
    resolved "https://registry.npm.taobao.org/readable-stream/download/readable-stream-3.4.0.tgz?cache=0&other_urls=https%3A%2F%2Fregistry.npm.taobao.org%2Freadable-stream%2Fdownload%2Freadable-stream-3.4.0.tgz#a51c26754658e0a3c21dbf59163bd45ba6f447fc"
    integrity sha1-pRwmdUZY4KPCHb9ZFjvUW6b0R/w=
    dependencies:
      inherits "^2.0.3"
      string_decoder "^1.1.1"
      util-deprecate "^1.0.1"
  
  safe-buffer@~5.1.0:
    version "5.1.2"
    resolved "https://registry.npm.taobao.org/safe-buffer/download/safe-buffer-5.1.2.tgz#991ec69d296e0313747d59bdfd2b745c35f8828d"
    integrity sha1-mR7GnSluAxN0fVm9/St0XDX4go0=
  
  sax@>=0.6.0:
    version "1.2.4"
    resolved "https://registry.npm.taobao.org/sax/download/sax-1.2.4.tgz#2816234e2378bddc4e5354fab5caa895df7100d9"
    integrity sha1-KBYjTiN4vdxOU1T6tcqold9xANk=
  
  semver@^6.1.1:
    version "6.1.1"
    resolved "https://registry.npm.taobao.org/semver/download/semver-6.1.1.tgz?cache=0&sync_timestamp=1559063729249&other_urls=https%3A%2F%2Fregistry.npm.taobao.org%2Fsemver%2Fdownload%2Fsemver-6.1.1.tgz#53f53da9b30b2103cd4f15eab3a18ecbcb210c9b"
    integrity sha1-U/U9qbMLIQPNTxXqs6GOy8shDJs=
  
  stream-transform@^1.0.8:
    version "1.0.8"
    resolved "https://registry.npm.taobao.org/stream-transform/download/stream-transform-1.0.8.tgz#54f721122d310eca855a16c97939881ab5bbb76c"
    integrity sha1-VPchEi0xDsqFWhbJeTmIGrW7t2w=
  
  string_decoder@^1.1.1:
    version "1.2.0"
    resolved "https://registry.npm.taobao.org/string_decoder/download/string_decoder-1.2.0.tgz#fe86e738b19544afe70469243b2a1ee9240eae8d"
    integrity sha1-/obnOLGVRK/nBGkkOyoe6SQOro0=
    dependencies:
      safe-buffer "~5.1.0"
  
  superagent@^5.0.6:
    version "5.0.6"
    resolved "https://registry.npm.taobao.org/superagent/download/superagent-5.0.6.tgz?cache=0&other_urls=https%3A%2F%2Fregistry.npm.taobao.org%2Fsuperagent%2Fdownload%2Fsuperagent-5.0.6.tgz#78cb26a2742cfadc7aa422c329f23bbd61f08121"
    integrity sha1-eMsmonQs+tx6pCLDKfI7vWHwgSE=
    dependencies:
      component-emitter "^1.3.0"
      cookiejar "^2.1.2"
      debug "^4.1.1"
      form-data "^2.3.3"
      formidable "^1.2.1"
      methods "^1.1.2"
      mime "^2.4.3"
      qs "^6.7.0"
      readable-stream "^3.4.0"
      semver "^6.1.1"
  
  util-deprecate@^1.0.1:
    version "1.0.2"
    resolved "https://registry.npm.taobao.org/util-deprecate/download/util-deprecate-1.0.2.tgz#450d4dc9fa70de732762fbd2d4a28981419a0ccf"
    integrity sha1-RQ1Nyfpw3nMnYvvS1KKJgUGaDM8=
  
  xml2js@^0.4.19:
    version "0.4.19"
    resolved "https://registry.npm.taobao.org/xml2js/download/xml2js-0.4.19.tgz?cache=0&other_urls=https%3A%2F%2Fregistry.npm.taobao.org%2Fxml2js%2Fdownload%2Fxml2js-0.4.19.tgz#686c20f213209e94abf0d1bcf1efaa291c7827a7"
    integrity sha1-aGwg8hMgnpSr8NG88e+qKRx4J6c=
    dependencies:
      sax ">=0.6.0"
      xmlbuilder "~9.0.1"
  
  xmlbuilder@~9.0.1:
    version "9.0.7"
    resolved "https://registry.npm.taobao.org/xmlbuilder/download/xmlbuilder-9.0.7.tgz#132ee63d2ec5565c557e20f4c22df9aca686b10d"
    integrity sha1-Ey7mPS7FVlxVfiD0wi35rKaGsQ0=
